2024-09-05 16:11:15 info: Server started on port 3000
2024-09-05 16:16:36 info: Server started on port: http://localhost:3000
2024-09-05 16:16:41 info: Home route accessed
2024-09-05 16:16:45 info: Home route accessed
2024-09-05 16:16:57 info: Home route accessed
2024-09-05 16:20:28 info: Server started on port: http://localhost:3000
2024-09-05 16:23:19 info: Server started on port: http://localhost:3000
2024-09-05 16:23:53 info: Home route accessed
2024-09-05 16:24:13 info: Server started on port: http://localhost:3000
{"level":"info","message":"Server started on port: http://localhost:3000","timestamp":"2024-09-05 16:39:08"}
2024-09-05 16:39:50 info: Server started on port: http://localhost:3000
{
  message: 'Server started on port: http://localhost:3000',
  level: 'info',
  timestamp: '2024-09-05 16:41:37'
}
{
  message: 'Server started on port: http://localhost:3000',
  level: 'info',
  timestamp: '2024-09-05 16:45:52'
}
{
  message: 'Server started on port: http://localhost:3000',
  level: 'info',
  timestamp: '2024-09-05 16:46:32'
}
{
  message: 'Home route accessed',
  level: 'info',
  timestamp: '2024-09-05 16:47:04'
}
{
  message: 'Server started on port: http://localhost:3000',
  level: 'info',
  timestamp: '2024-09-05 16:47:38'
}
{
  message: 'Home route accessed',
  level: 'info',
  timestamp: '2024-09-05 16:47:56'
}
{
  message: 'Server started on port: http://localhost:3000',
  level: 'info',
  timestamp: '2024-09-05 16:49:40'
}
{
  message: 'Method: GET, HTTP Version: 1.1, URL: /',
  level: 'info',
  timestamp: '2024-09-05 16:50:00'
}
{
  message: 'Home route accessed',
  level: 'info',
  timestamp: '2024-09-05 16:50:00'
}
{
  message: 'Method: GET, HTTP Version: 1.1, URL: /',
  level: 'info',
  timestamp: '2024-09-05 16:50:01'
}
{
  message: 'Home route accessed',
  level: 'info',
  timestamp: '2024-09-05 16:50:01'
}
{
  message: 'Method: GET, HTTP Version: 1.1, URL: /',
  level: 'info',
  timestamp: '2024-09-05 16:50:02'
}
{
  message: 'Home route accessed',
  level: 'info',
  timestamp: '2024-09-05 16:50:02'
}
{
  message: 'Server started on port: http://localhost:3000',
  level: 'info',
  timestamp: '2024-09-05 16:51:55'
}
{
  message: 'Server started on port: http://localhost:3000',
  level: 'info',
  timestamp: '2024-09-05 17:50:19'
}
{
  message: 'Server started on port: http://localhost:5006',
  level: 'info',
  timestamp: '2024-09-05 18:09:13'
}
{
  message: 'Server started on port: http://localhost:5006',
  level: 'info',
  timestamp: '2024-09-05 18:12:02'
}
{
  message: 'Server started on port: http://localhost:5006',
  level: 'info',
  timestamp: '2024-09-05 18:17:07'
}
{
  message: 'Method: GET, HTTP Version: 1.1, URL: /',
  level: 'info',
  timestamp: '2024-09-05 18:17:33'
}
{
  message: 'Home route accessed',
  level: 'info',
  timestamp: '2024-09-05 18:17:33'
}
{
  message: 'Method: GET, HTTP Version: 1.1, URL: /favicon.ico',
  level: 'info',
  timestamp: '2024-09-05 18:17:33'
}
{
  message: 'Server started on port: http://localhost:3000',
  level: 'info',
  timestamp: '2024-09-05 18:20:32'
}
{
  message: 'Method: GET, HTTP Version: 1.1, URL: /',
  level: 'info',
  timestamp: '2024-09-05 18:21:18'
}
{
  message: 'Home route accessed',
  level: 'info',
  timestamp: '2024-09-05 18:21:18'
}
{
  message: 'Server started on port: http://localhost:3000',
  level: 'info',
  timestamp: '2024-09-05 18:26:02'
}
{
  message: 'Server started on port: http://localhost:3000',
  level: 'info',
  timestamp: '2024-09-05 18:27:18'
}
{
  message: 'Server started on port: http://localhost:3000',
  level: 'info',
  timestamp: '2024-09-05 18:46:40'
}
{
  message: 'Server started on port: http://localhost:3000',
  level: 'info',
  timestamp: '2024-09-05 18:52:21'
}
{
  message: 'Server started on port: http://localhost:3000',
  level: 'info',
  timestamp: '2024-09-05 18:52:53'
}
{
  message: 'Server started on port: http://localhost:3000',
  level: 'info',
  timestamp: '2024-09-05 18:53:39'
}
{
  message: 'Server started on port: http://localhost:3000',
  level: 'info',
  timestamp: '2024-09-06 11:38:18'
}
{
  message: 'Method: GET, HTTP Version: 1.1, URL: /, IP: ::1',
  level: 'info',
  timestamp: '2024-09-06 11:39:07'
}
{
  message: 'Home route accessed',
  level: 'info',
  timestamp: '2024-09-06 11:39:07'
}
{
  message: 'Method: GET, HTTP Version: 1.1, URL: /favicon.ico, IP: ::1',
  level: 'info',
  timestamp: '2024-09-06 11:39:07'
}
{
  message: 'Method: GET, HTTP Version: 1.1, URL: /api/test-audit, IP: ::1',
  level: 'info',
  timestamp: '2024-09-06 11:39:16'
}
{
  message: 'Method: GET, HTTP Version: 1.1, URL: /api/test-audit, IP: ::1',
  level: 'info',
  timestamp: '2024-09-06 11:39:35'
}
{
  message: 'Method: GET, HTTP Version: 1.1, URL: /api/test-audit, IP: ::ffff:127.0.0.1',
  level: 'info',
  timestamp: '2024-09-06 11:42:48'
}
{
  message: 'Server started on port: http://localhost:3000',
  level: 'info',
  timestamp: '2024-09-06 11:44:35'
}
{
  message: 'Method: POST, HTTP Version: 1.1, URL: /api/test-audit, IP: ::ffff:127.0.0.1',
  level: 'info',
  timestamp: '2024-09-06 11:45:58'
}
{
  message: 'Server started on port: http://localhost:3000',
  level: 'info',
  timestamp: '2024-09-06 11:56:52'
}
{
  message: 'Method: POST, HTTP Version: 1.1, URL: /api/test-audit, IP: ::ffff:127.0.0.1',
  level: 'info',
  timestamp: '2024-09-06 11:57:03'
}
{
  message: 'Server started on port: http://localhost:3000',
  level: 'info',
  timestamp: '2024-09-06 12:27:30'
}
{
  message: 'Server started on port: http://localhost:3000',
  level: 'info',
  timestamp: '2024-09-06 12:28:12'
}
{
  message: 'Server started on port: http://localhost:3000',
  level: 'info',
  timestamp: '2024-09-06 12:30:09'
}
{
  message: 'Server started on port: http://localhost:3000',
  level: 'info',
  timestamp: '2024-09-06 12:30:58'
}
{
  message: 'Server started on port: http://localhost:3000',
  level: 'info',
  timestamp: '2024-09-06 12:35:29'
}
{
  message: 'Method: POST, HTTP Version: 1.1, URL: /api/resources, IP: ::ffff:127.0.0.1',
  level: 'info',
  timestamp: '2024-09-06 12:36:47'
}
{
  message: 'Server started on port: http://localhost:3000',
  level: 'info',
  timestamp: '2024-09-06 12:39:13'
}
{
  message: 'Server started on port: http://localhost:3000',
  level: 'info',
  timestamp: '2024-09-06 12:47:15'
}
{
  message: 'Method: POST, HTTP Version: 1.1, URL: /api/resources, IP: ::ffff:127.0.0.1',
  level: 'info',
  timestamp: '2024-09-06 12:47:41'
}
{
  message: 'Server started on port: http://localhost:3000',
  level: 'info',
  timestamp: '2024-09-06 12:50:44'
}
{
  message: 'Method: POST, HTTP Version: 1.1, URL: /api/resources, IP: ::ffff:127.0.0.1',
  level: 'info',
  timestamp: '2024-09-06 12:51:03'
}
{
  message: 'Server started on port: http://localhost:3000',
  level: 'info',
  timestamp: '2024-09-06 13:36:35'
}
{
  message: 'Method: POST, HTTP Version: 1.1, URL: /api/resources, IP: ::ffff:127.0.0.1',
  level: 'info',
  timestamp: '2024-09-06 13:37:22'
}
{
  message: 'Server started on port: http://localhost:3000',
  level: 'info',
  timestamp: '2024-09-06 14:03:01'
}
{
  message: 'Method: POST, HTTP Version: 1.1, URL: /api/resources, IP: ::ffff:127.0.0.1',
  level: 'info',
  timestamp: '2024-09-06 14:03:12'
}
{
  message: 'Method: PUT, HTTP Version: 1.1, URL: /api/resources, IP: ::ffff:127.0.0.1',
  level: 'info',
  timestamp: '2024-09-06 14:05:02'
}
{
  message: 'Method: PUT, HTTP Version: 1.1, URL: /api/resources/, IP: ::ffff:127.0.0.1',
  level: 'info',
  timestamp: '2024-09-06 14:05:52'
}
{
  message: 'Method: PUT, HTTP Version: 1.1, URL: /api/resources/1, IP: ::ffff:127.0.0.1',
  level: 'info',
  timestamp: '2024-09-06 14:06:05'
}
{
  message: 'Server started on port: http://localhost:3000',
  level: 'info',
  timestamp: '2024-09-06 15:10:11'
}
{
  message: 'Method: POST, HTTP Version: 1.1, URL: /api/resources/, IP: ::ffff:127.0.0.1',
  level: 'info',
  timestamp: '2024-09-06 15:11:11'
}
{
  message: 'Method: DELETE, HTTP Version: 1.1, URL: /api/resources/1, IP: ::ffff:127.0.0.1',
  level: 'info',
  timestamp: '2024-09-06 15:19:09'
}
{
  message: 'Server started on port: http://localhost:3000',
  level: 'info',
  timestamp: '2024-09-06 15:23:06'
}
{
  message: 'Method: POST, HTTP Version: 1.1, URL: /api/resources/, IP: ::ffff:127.0.0.1',
  level: 'info',
  timestamp: '2024-09-06 15:23:37'
}
{
  message: 'Method: POST, HTTP Version: 1.1, URL: /api/resources/, IP: ::ffff:127.0.0.1',
  level: 'info',
  timestamp: '2024-09-06 15:24:00'
}
{
  message: 'Method: DELETE, HTTP Version: 1.1, URL: /api/resources/4, IP: ::ffff:127.0.0.1',
  level: 'info',
  timestamp: '2024-09-06 15:25:30'
}
{
  message: 'Server started on port: http://localhost:3000',
  level: 'info',
  timestamp: '2024-09-07 12:25:30'
}
{
  message: 'Server started on port: http://localhost:3000',
  level: 'info',
  timestamp: '2024-09-07 12:37:38'
}
{
  message: 'Method: GET, HTTP Version: 1.1, URL: /, IP: ::1',
  level: 'info',
  timestamp: '2024-09-07 12:37:44'
}
{
  message: 'Home route accessed',
  level: 'info',
  timestamp: '2024-09-07 12:37:44'
}
{
  message: 'Method: GET, HTTP Version: 1.1, URL: /favicon.ico, IP: ::1',
  level: 'info',
  timestamp: '2024-09-07 12:37:44'
}
{
  message: 'Method: GET, HTTP Version: 1.1, URL: /ulbs, IP: ::ffff:127.0.0.1',
  level: 'info',
  timestamp: '2024-09-07 12:38:53'
}
{
  message: 'Server started on port: http://localhost:3000',
  level: 'info',
  timestamp: '2024-09-07 12:56:30'
}
{
  message: 'Method: GET, HTTP Version: 1.1, URL: /api/ulbs, IP: ::ffff:127.0.0.1',
  level: 'info',
  timestamp: '2024-09-07 12:57:06'
}
{
  message: 'Server started on port: http://localhost:3000',
  level: 'info',
  timestamp: '2024-09-07 13:10:07'
}
{
  message: 'Server started on port: http://localhost:3000',
  level: 'info',
  timestamp: '2024-09-07 13:11:11'
}
{
  message: 'Server started on port: http://localhost:3000',
  level: 'info',
  timestamp: '2024-09-07 13:11:58'
}
{
  message: 'Server started on port: http://localhost:3000',
  level: 'info',
  timestamp: '2024-09-07 13:13:14'
}
{
  message: 'Server started on port: http://localhost:3000',
  level: 'info',
  timestamp: '2024-09-07 13:14:19'
}
{
  message: 'Method: GET, HTTP Version: 1.1, URL: /api/ulbs, IP: ::ffff:127.0.0.1',
  level: 'info',
  timestamp: '2024-09-07 13:14:31'
}
{
  message: 'Method: GET, HTTP Version: 1.1, URL: /api/ulbs, IP: ::ffff:127.0.0.1',
  level: 'info',
  timestamp: '2024-09-07 13:14:33'
}
{
  message: 'Method: GET, HTTP Version: 1.1, URL: /api/ulbs, IP: ::ffff:127.0.0.1',
  level: 'info',
  timestamp: '2024-09-07 13:15:08'
}
{
  message: 'Method: GET, HTTP Version: 1.1, URL: /api/ulbs, IP: ::ffff:127.0.0.1',
  level: 'info',
  timestamp: '2024-09-07 13:22:48'
}
{
  message: 'Method: GET, HTTP Version: 1.1, URL: /api/ulbs, IP: ::ffff:127.0.0.1',
  level: 'info',
  timestamp: '2024-09-07 13:23:42'
}
{
  message: 'Server started on port: http://localhost:3000',
  level: 'info',
  timestamp: '2024-09-07 13:30:45'
}
{
  message: 'Method: GET, HTTP Version: 1.1, URL: /api/ulbs, IP: ::ffff:127.0.0.1',
  level: 'info',
  timestamp: '2024-09-07 13:31:36'
}
{
  message: 'Server started on port: http://localhost:3000',
  level: 'info',
  timestamp: '2024-09-07 13:35:48'
}
{
  message: 'Method: GET, HTTP Version: 1.1, URL: /api/ulbs, IP: ::ffff:127.0.0.1',
  level: 'info',
  timestamp: '2024-09-07 13:35:55'
}
{
  message: 'Server started on port: http://localhost:3000',
  level: 'info',
  timestamp: '2024-09-07 13:39:58'
}
{
  message: 'Server started on port: http://localhost:3000',
  level: 'info',
  timestamp: '2024-09-07 13:47:20'
}
{
  message: 'Server started on port: http://localhost:3000',
  level: 'info',
  timestamp: '2024-09-07 16:10:08'
}
{
  message: 'Method: POST, HTTP Version: 1.1, URL: /api/scheme-info, IP: ::ffff:127.0.0.1',
  level: 'info',
  timestamp: '2024-09-07 16:13:45'
}
{
  message: 'Server started on port: http://localhost:3000',
  level: 'info',
  timestamp: '2024-09-07 16:18:35'
}
{
  message: 'Method: POST, HTTP Version: 1.1, URL: /api/scheme-info, IP: ::ffff:127.0.0.1',
  level: 'info',
  timestamp: '2024-09-07 16:18:55'
}
{
  message: 'Server started on port: http://localhost:3000',
  level: 'info',
  timestamp: '2024-09-07 18:09:04'
}
{
  message: 'Method: POST, HTTP Version: 1.1, URL: /api/scheme-info, IP: ::ffff:127.0.0.1',
  level: 'info',
  timestamp: '2024-09-07 18:09:59'
}
{
  message: 'Server started on port: http://localhost:3000',
  level: 'info',
  timestamp: '2024-09-07 18:21:08'
}
{
  message: 'Method: POST, HTTP Version: 1.1, URL: /api/scheme-info, IP: ::ffff:127.0.0.1',
  level: 'info',
  timestamp: '2024-09-07 18:22:19'
}
{
  message: 'Server started on port: http://localhost:3000',
  level: 'info',
  timestamp: '2024-09-07 18:22:50'
}
{
  message: 'Method: POST, HTTP Version: 1.1, URL: /api/scheme-info, IP: ::ffff:127.0.0.1',
  level: 'info',
  timestamp: '2024-09-07 18:23:14'
}
{
  message: 'Server started on port: http://localhost:3000',
  level: 'info',
  timestamp: '2024-09-07 18:23:52'
}
{
  message: 'Method: POST, HTTP Version: 1.1, URL: /api/scheme-info, IP: ::ffff:127.0.0.1',
  level: 'info',
  timestamp: '2024-09-07 18:24:08'
}
{
  message: 'Server started on port: http://localhost:3000',
  level: 'info',
  timestamp: '2024-09-07 18:24:16'
}
{
  message: 'Method: POST, HTTP Version: 1.1, URL: /api/scheme-info, IP: ::ffff:127.0.0.1',
  level: 'info',
  timestamp: '2024-09-07 18:24:23'
}
{
  message: 'Method: POST, HTTP Version: 1.1, URL: /api/scheme-info, IP: ::ffff:127.0.0.1',
  level: 'info',
  timestamp: '2024-09-07 18:24:51'
}
{
  message: 'Server started on port: http://localhost:3000',
  level: 'info',
  timestamp: '2024-09-07 18:31:03'
}
{
  message: 'Method: POST, HTTP Version: 1.1, URL: /api/scheme-info, IP: ::ffff:127.0.0.1',
  level: 'info',
  timestamp: '2024-09-07 18:31:24'
}
{
  message: 'Server started on port: http://localhost:3000',
  level: 'info',
  timestamp: '2024-09-07 18:44:39'
}
{
  message: 'Method: POST, HTTP Version: 1.1, URL: /api/scheme-info, IP: ::ffff:127.0.0.1',
  level: 'info',
  timestamp: '2024-09-07 18:45:09'
}
{
  message: 'Server started on port: http://localhost:3000',
  level: 'info',
  timestamp: '2024-09-09 12:18:38'
}
{
  message: 'Method: PUT, HTTP Version: 1.1, URL: /api/scheme-info/:sch-02-005, IP: ::ffff:127.0.0.1',
  level: 'info',
  timestamp: '2024-09-09 12:29:03'
}
{
  message: 'Server started on port: http://localhost:3000',
  level: 'info',
  timestamp: '2024-09-09 12:35:30'
}
{
  message: 'Method: PUT, HTTP Version: 1.1, URL: /api/scheme-info/sch-02-005, IP: ::ffff:127.0.0.1',
  level: 'info',
  timestamp: '2024-09-09 12:35:37'
}
{
  message: 'Method: GET, HTTP Version: 1.1, URL: /api/ulbs, IP: ::ffff:127.0.0.1',
  level: 'info',
  timestamp: '2024-09-09 12:46:26'
}
{
  message: 'Server started on port: http://localhost:3000',
  level: 'info',
  timestamp: '2024-09-09 12:55:27'
}
{
  message: 'Server started on port: http://localhost:3000',
  level: 'info',
  timestamp: '2024-09-09 13:08:09'
}
{
  message: 'Method: POST, HTTP Version: 1.1, URL: /api/scheme-info, IP: ::ffff:127.0.0.1',
  level: 'info',
  timestamp: '2024-09-09 13:11:23'
}
{
  message: 'Server started on port: http://localhost:3000',
  level: 'info',
  timestamp: '2024-09-09 13:51:55'
}
{
  message: 'Server started on port: http://localhost:3000',
  level: 'info',
  timestamp: '2024-09-09 13:52:37'
}
{
  message: 'Server started on port: http://localhost:3000',
  level: 'info',
  timestamp: '2024-09-09 15:48:29'
}
{
  message: 'Method: GET, HTTP Version: 1.1, URL: /api/ulbs, IP: ::ffff:127.0.0.1',
  level: 'info',
  timestamp: '2024-09-09 15:56:06'
}
{
  message: 'Server started on port: http://localhost:3000',
  level: 'info',
  timestamp: '2024-09-09 16:10:20'
}
{
  message: 'Server started on port: http://localhost:3000',
  level: 'info',
  timestamp: '2024-09-09 16:39:29'
}
{
  message: 'Method: GET, HTTP Version: 1.1, URL: /api/ulbs, IP: ::ffff:127.0.0.1',
  level: 'info',
  timestamp: '2024-09-09 16:39:41'
}
{
  message: 'Server started on port: http://localhost:3000',
  level: 'info',
  timestamp: '2024-09-09 17:03:51'
}
{
  message: 'Method: POST, HTTP Version: 1.1, URL: /api/scheme-info, IP: ::ffff:127.0.0.1',
  level: 'info',
  timestamp: '2024-09-09 17:03:54'
}
{
  message: 'Server started on port: http://localhost:3000',
  level: 'info',
  timestamp: '2024-09-09 17:13:19'
}
{
  message: 'Method: POST, HTTP Version: 1.1, URL: /api/scheme-info, IP: ::ffff:127.0.0.1',
  level: 'info',
  timestamp: '2024-09-09 17:14:26'
}
{
  message: 'Server started on port: http://localhost:3000',
  level: 'info',
  timestamp: '2024-09-09 17:17:05'
}
{
  message: 'Method: POST, HTTP Version: 1.1, URL: /api/scheme-info, IP: ::ffff:127.0.0.1',
  level: 'info',
  timestamp: '2024-09-09 17:17:32'
}
